[2017-02-27 21:40:19] production.ERROR: exception 'Twig_Error_Syntax' with message 'Unexpected token "string" of value "movies" ("end of statement block" expected) in "/Applications/MAMP/htdocs/ocms-plugin/themes/ocms-plugin/partials/globals/header.htm" at line 24.' in /Applications/MAMP/htdocs/ocms-plugin/vendor/twig/twig/lib/Twig/TokenStream.php:96
Stack trace:
#0 /Applications/MAMP/htdocs/ocms-plugin/modules/cms/Twig/PageTokenParser.php(24): Twig_TokenStream->expect(3)
#1 /Applications/MAMP/htdocs/ocms-plugin/vendor/twig/twig/lib/Twig/Parser.php(190): Cms\Twig\PageTokenParser->parse(Object(Twig_Token))
#2 /Applications/MAMP/htdocs/ocms-plugin/vendor/twig/twig/lib/Twig/Parser.php(103): Twig_Parser->subparse(NULL, false)
#3 /Applications/MAMP/htdocs/ocms-plugin/vendor/twig/twig/lib/Twig/Environment.php(692): Twig_Parser->parse(Object(Twig_TokenStream))
#4 /Applications/MAMP/htdocs/ocms-plugin/vendor/twig/twig/lib/Twig/Environment.php(750): Twig_Environment->parse(Object(Twig_TokenStream))
#5 /Applications/MAMP/htdocs/ocms-plugin/vendor/twig/twig/lib/Twig/Environment.php(447): Twig_Environment->compileSource(Object(Twig_Source))
#6 /Applications/MAMP/htdocs/ocms-plugin/modules/cms/Classes/Controller.php(911): Twig_Environment->loadTemplate('/Applications/M...')
#7 /Applications/MAMP/htdocs/ocms-plugin/modules/cms/Twig/Extension.php(117): Cms\Classes\Controller->renderPartial('globals/header', Array)
#8 /Applications/MAMP/htdocs/ocms-plugin/storage/cms/twig/b7/b721535a05b44aaa997c4aa98e10fa29c8166484125131a90e5d562843631395.php(42): Cms\Twig\Extension->partialFunction('globals/header', Array)
#9 /Applications/MAMP/htdocs/ocms-plugin/vendor/twig/twig/lib/Twig/Template.php(432): __TwigTemplate_e9ea9502b86de8aa610e1ee6c3c3359871d3545ebab9ca22a85dbb63763e0e51->doDisplay(Array, Array)
#10 /Applications/MAMP/htdocs/ocms-plugin/vendor/twig/twig/lib/Twig/Template.php(403): Twig_Template->displayWithErrorHandling(Array, Array)
#11 /Applications/MAMP/htdocs/ocms-plugin/vendor/twig/twig/lib/Twig/Template.php(411): Twig_Template->display(Array)
#12 /Applications/MAMP/htdocs/ocms-plugin/modules/cms/Classes/Controller.php(376): Twig_Template->render(Array)
#13 /Applications/MAMP/htdocs/ocms-plugin/modules/cms/Classes/Controller.php(213): Cms\Classes\Controller->runPage(Object(Cms\Classes\Page))
#14 /Applications/MAMP/htdocs/ocms-plugin/modules/cms/Classes/CmsController.php(48): Cms\Classes\Controller->run('/')
#15 [internal function]: Cms\Classes\CmsController->run('/')
#16 /Applications/MAMP/htdocs/ocms-plugin/vendor/laravel/framework/src/Illuminate/Routing/Controller.php(256): call_user_func_array(Array, Array)
#17 /Applications/MAMP/htdocs/ocms-plugin/vendor/laravel/framework/src/Illuminate/Routing/ControllerDispatcher.php(164): Illuminate\Routing\Controller->callAction('run', Array)
#18 /Applications/MAMP/htdocs/ocms-plugin/vendor/laravel/framework/src/Illuminate/Routing/ControllerDispatcher.php(112): Illuminate\Routing\ControllerDispatcher->call(Object(Cms\Classes\CmsController), Object(Illuminate\Routing\Route), 'run')
#19 [internal function]: Illuminate\Routing\ControllerDispatcher->Illuminate\Routing\{closure}(Object(Illuminate\Http\Request))
#20 /Applications/MAMP/htdocs/ocms-plugin/vendor/laravel/framework/src/Illuminate/Pipeline/Pipeline.php(139): call_user_func(Object(Closure), Object(Illuminate\Http\Request))
#21 [internal function]: Illuminate\Pipeline\Pipeline->Illuminate\Pipeline\{closure}(Object(Illuminate\Http\Request))
#22 /Applications/MAMP/htdocs/ocms-plugin/vendor/laravel/framework/src/Illuminate/Pipeline/Pipeline.php(103): call_user_func(Object(Closure), Object(Illuminate\Http\Request))
#23 /Applications/MAMP/htdocs/ocms-plugin/vendor/laravel/framework/src/Illuminate/Routing/ControllerDispatcher.php(114): Illuminate\Pipeline\Pipeline->then(Object(Closure))
#24 /Applications/MAMP/htdocs/ocms-plugin/vendor/laravel/framework/src/Illuminate/Routing/ControllerDispatcher.php(69): Illuminate\Routing\ControllerDispatcher->callWithinStack(Object(Cms\Classes\CmsController), Object(Illuminate\Routing\Route), Object(Illuminate\Http\Request), 'run')
#25 /Applications/MAMP/htdocs/ocms-plugin/vendor/laravel/framework/src/Illuminate/Routing/Route.php(203): Illuminate\Routing\ControllerDispatcher->dispatch(Object(Illuminate\Routing\Route), Object(Illuminate\Http\Request), 'Cms\\Classes\\Cms...', 'run')
#26 /Applications/MAMP/htdocs/ocms-plugin/vendor/laravel/framework/src/Illuminate/Routing/Route.php(134): Illuminate\Routing\Route->runWithCustomDispatcher(Object(Illuminate\Http\Request))
#27 /Applications/MAMP/htdocs/ocms-plugin/vendor/laravel/framework/src/Illuminate/Routing/Router.php(708): Illuminate\Routing\Route->run(Object(Illuminate\Http\Request))
#28 [internal function]: Illuminate\Routing\Router->Illuminate\Routing\{closure}(Object(Illuminate\Http\Request))
#29 /Applications/MAMP/htdocs/ocms-plugin/vendor/laravel/framework/src/Illuminate/Pipeline/Pipeline.php(139): call_user_func(Object(Closure), Object(Illuminate\Http\Request))
#30 [internal function]: Illuminate\Pipeline\Pipeline->Illuminate\Pipeline\{closure}(Object(Illuminate\Http\Request))
#31 /Applications/MAMP/htdocs/ocms-plugin/vendor/laravel/framework/src/Illuminate/Pipeline/Pipeline.php(103): call_user_func(Object(Closure), Object(Illuminate\Http\Request))
#32 /Applications/MAMP/htdocs/ocms-plugin/vendor/laravel/framework/src/Illuminate/Routing/Router.php(710): Illuminate\Pipeline\Pipeline->then(Object(Closure))
#33 /Applications/MAMP/htdocs/ocms-plugin/vendor/laravel/framework/src/Illuminate/Routing/Router.php(675): Illuminate\Routing\Router->runRouteWithinStack(Object(Illuminate\Routing\Route), Object(Illuminate\Http\Request))
#34 /Applications/MAMP/htdocs/ocms-plugin/vendor/laravel/framework/src/Illuminate/Routing/Router.php(635): Illuminate\Routing\Router->dispatchToRoute(Object(Illuminate\Http\Request))
#35 /Applications/MAMP/htdocs/ocms-plugin/vendor/laravel/framework/src/Illuminate/Foundation/Http/Kernel.php(236): Illuminate\Routing\Router->dispatch(Object(Illuminate\Http\Request))
#36 [internal function]: Illuminate\Foundation\Http\Kernel->Illuminate\Foundation\Http\{closure}(Object(Illuminate\Http\Request))
#37 /Applications/MAMP/htdocs/ocms-plugin/vendor/laravel/framework/src/Illuminate/Pipeline/Pipeline.php(139): call_user_func(Object(Closure), Object(Illuminate\Http\Request))
#38 /Applications/MAMP/htdocs/ocms-plugin/vendor/laravel/framework/src/Illuminate/View/Middleware/ShareErrorsFromSession.php(49): Illuminate\Pipeline\Pipeline->Illuminate\Pipeline\{closure}(Object(Illuminate\Http\Request))
#39 [internal function]: Illuminate\View\Middleware\ShareErrorsFromSession->handle(Object(Illuminate\Http\Request), Object(Closure))
#40 /Applications/MAMP/htdocs/ocms-plugin/vendor/laravel/framework/src/Illuminate/Pipeline/Pipeline.php(124): call_user_func_array(Array, Array)
#41 /Applications/MAMP/htdocs/ocms-plugin/vendor/laravel/framework/src/Illuminate/Session/Middleware/StartSession.php(62): Illuminate\Pipeline\Pipeline->Illuminate\Pipeline\{closure}(Object(Illuminate\Http\Request))
#42 [internal function]: Illuminate\Session\Middleware\StartSession->handle(Object(Illuminate\Http\Request), Object(Closure))
#43 /Applications/MAMP/htdocs/ocms-plugin/vendor/laravel/framework/src/Illuminate/Pipeline/Pipeline.php(124): call_user_func_array(Array, Array)
#44 /Applications/MAMP/htdocs/ocms-plugin/vendor/laravel/framework/src/Illuminate/Cookie/Middleware/AddQueuedCookiesToResponse.php(37): Illuminate\Pipeline\Pipeline->Illuminate\Pipeline\{closure}(Object(Illuminate\Http\Request))
#45 [internal function]: Illuminate\Cookie\Middleware\AddQueuedCookiesToResponse->handle(Object(Illuminate\Http\Request), Object(Closure))
#46 /Applications/MAMP/htdocs/ocms-plugin/vendor/laravel/framework/src/Illuminate/Pipeline/Pipeline.php(124): call_user_func_array(Array, Array)
#47 /Applications/MAMP/htdocs/ocms-plugin/vendor/laravel/framework/src/Illuminate/Cookie/Middleware/EncryptCookies.php(59): Illuminate\Pipeline\Pipeline->Illuminate\Pipeline\{closure}(Object(Illuminate\Http\Request))
#48 [internal function]: Illuminate\Cookie\Middleware\EncryptCookies->handle(Object(Illuminate\Http\Request), Object(Closure))
#49 /Applications/MAMP/htdocs/ocms-plugin/vendor/laravel/framework/src/Illuminate/Pipeline/Pipeline.php(124): call_user_func_array(Array, Array)
#50 /Applications/MAMP/htdocs/ocms-plugin/vendor/laravel/framework/src/Illuminate/Foundation/Http/Middleware/CheckForMaintenanceMode.php(44): Illuminate\Pipeline\Pipeline->Illuminate\Pipeline\{closure}(Object(Illuminate\Http\Request))
#51 [internal function]: Illuminate\Foundation\Http\Middleware\CheckForMaintenanceMode->handle(Object(Illuminate\Http\Request), Object(Closure))
#52 /Applications/MAMP/htdocs/ocms-plugin/vendor/laravel/framework/src/Illuminate/Pipeline/Pipeline.php(124): call_user_func_array(Array, Array)
#53 [internal function]: Illuminate\Pipeline\Pipeline->Illuminate\Pipeline\{closure}(Object(Illuminate\Http\Request))
#54 /Applications/MAMP/htdocs/ocms-plugin/vendor/laravel/framework/src/Illuminate/Pipeline/Pipeline.php(103): call_user_func(Object(Closure), Object(Illuminate\Http\Request))
#55 /Applications/MAMP/htdocs/ocms-plugin/vendor/laravel/framework/src/Illuminate/Foundation/Http/Kernel.php(122): Illuminate\Pipeline\Pipeline->then(Object(Closure))
#56 /Applications/MAMP/htdocs/ocms-plugin/vendor/laravel/framework/src/Illuminate/Foundation/Http/Kernel.php(87): Illuminate\Foundation\Http\Kernel->sendRequestThroughRouter(Object(Illuminate\Http\Request))
#57 /Applications/MAMP/htdocs/ocms-plugin/index.php(44): Illuminate\Foundation\Http\Kernel->handle(Object(Illuminate\Http\Request))
#58 {main}  
[2017-02-27 21:40:40] production.ERROR: exception 'Twig_Error_Syntax' with message 'Unknown "pages" tag. Did you mean "page" in "/Applications/MAMP/htdocs/ocms-plugin/themes/ocms-plugin/partials/globals/header.htm" at line 24?' in /Applications/MAMP/htdocs/ocms-plugin/vendor/twig/twig/lib/Twig/Parser.php:181
Stack trace:
#0 /Applications/MAMP/htdocs/ocms-plugin/vendor/twig/twig/lib/Twig/Parser.php(103): Twig_Parser->subparse(NULL, false)
#1 /Applications/MAMP/htdocs/ocms-plugin/vendor/twig/twig/lib/Twig/Environment.php(692): Twig_Parser->parse(Object(Twig_TokenStream))
#2 /Applications/MAMP/htdocs/ocms-plugin/vendor/twig/twig/lib/Twig/Environment.php(750): Twig_Environment->parse(Object(Twig_TokenStream))
#3 /Applications/MAMP/htdocs/ocms-plugin/vendor/twig/twig/lib/Twig/Environment.php(447): Twig_Environment->compileSource(Object(Twig_Source))
#4 /Applications/MAMP/htdocs/ocms-plugin/modules/cms/Classes/Controller.php(911): Twig_Environment->loadTemplate('/Applications/M...')
#5 /Applications/MAMP/htdocs/ocms-plugin/modules/cms/Twig/Extension.php(117): Cms\Classes\Controller->renderPartial('globals/header', Array)
#6 /Applications/MAMP/htdocs/ocms-plugin/storage/cms/twig/b7/b721535a05b44aaa997c4aa98e10fa29c8166484125131a90e5d562843631395.php(42): Cms\Twig\Extension->partialFunction('globals/header', Array)
#7 /Applications/MAMP/htdocs/ocms-plugin/vendor/twig/twig/lib/Twig/Template.php(432): __TwigTemplate_e9ea9502b86de8aa610e1ee6c3c3359871d3545ebab9ca22a85dbb63763e0e51->doDisplay(Array, Array)
#8 /Applications/MAMP/htdocs/ocms-plugin/vendor/twig/twig/lib/Twig/Template.php(403): Twig_Template->displayWithErrorHandling(Array, Array)
#9 /Applications/MAMP/htdocs/ocms-plugin/vendor/twig/twig/lib/Twig/Template.php(411): Twig_Template->display(Array)
#10 /Applications/MAMP/htdocs/ocms-plugin/modules/cms/Classes/Controller.php(376): Twig_Template->render(Array)
#11 /Applications/MAMP/htdocs/ocms-plugin/modules/cms/Classes/Controller.php(213): Cms\Classes\Controller->runPage(Object(Cms\Classes\Page))
#12 /Applications/MAMP/htdocs/ocms-plugin/modules/cms/Classes/CmsController.php(48): Cms\Classes\Controller->run('/')
#13 [internal function]: Cms\Classes\CmsController->run('/')
#14 /Applications/MAMP/htdocs/ocms-plugin/vendor/laravel/framework/src/Illuminate/Routing/Controller.php(256): call_user_func_array(Array, Array)
#15 /Applications/MAMP/htdocs/ocms-plugin/vendor/laravel/framework/src/Illuminate/Routing/ControllerDispatcher.php(164): Illuminate\Routing\Controller->callAction('run', Array)
#16 /Applications/MAMP/htdocs/ocms-plugin/vendor/laravel/framework/src/Illuminate/Routing/ControllerDispatcher.php(112): Illuminate\Routing\ControllerDispatcher->call(Object(Cms\Classes\CmsController), Object(Illuminate\Routing\Route), 'run')
#17 [internal function]: Illuminate\Routing\ControllerDispatcher->Illuminate\Routing\{closure}(Object(Illuminate\Http\Request))
#18 /Applications/MAMP/htdocs/ocms-plugin/vendor/laravel/framework/src/Illuminate/Pipeline/Pipeline.php(139): call_user_func(Object(Closure), Object(Illuminate\Http\Request))
#19 [internal function]: Illuminate\Pipeline\Pipeline->Illuminate\Pipeline\{closure}(Object(Illuminate\Http\Request))
#20 /Applications/MAMP/htdocs/ocms-plugin/vendor/laravel/framework/src/Illuminate/Pipeline/Pipeline.php(103): call_user_func(Object(Closure), Object(Illuminate\Http\Request))
#21 /Applications/MAMP/htdocs/ocms-plugin/vendor/laravel/framework/src/Illuminate/Routing/ControllerDispatcher.php(114): Illuminate\Pipeline\Pipeline->then(Object(Closure))
#22 /Applications/MAMP/htdocs/ocms-plugin/vendor/laravel/framework/src/Illuminate/Routing/ControllerDispatcher.php(69): Illuminate\Routing\ControllerDispatcher->callWithinStack(Object(Cms\Classes\CmsController), Object(Illuminate\Routing\Route), Object(Illuminate\Http\Request), 'run')
#23 /Applications/MAMP/htdocs/ocms-plugin/vendor/laravel/framework/src/Illuminate/Routing/Route.php(203): Illuminate\Routing\ControllerDispatcher->dispatch(Object(Illuminate\Routing\Route), Object(Illuminate\Http\Request), 'Cms\\Classes\\Cms...', 'run')
#24 /Applications/MAMP/htdocs/ocms-plugin/vendor/laravel/framework/src/Illuminate/Routing/Route.php(134): Illuminate\Routing\Route->runWithCustomDispatcher(Object(Illuminate\Http\Request))
#25 /Applications/MAMP/htdocs/ocms-plugin/vendor/laravel/framework/src/Illuminate/Routing/Router.php(708): Illuminate\Routing\Route->run(Object(Illuminate\Http\Request))
#26 [internal function]: Illuminate\Routing\Router->Illuminate\Routing\{closure}(Object(Illuminate\Http\Request))
#27 /Applications/MAMP/htdocs/ocms-plugin/vendor/laravel/framework/src/Illuminate/Pipeline/Pipeline.php(139): call_user_func(Object(Closure), Object(Illuminate\Http\Request))
#28 [internal function]: Illuminate\Pipeline\Pipeline->Illuminate\Pipeline\{closure}(Object(Illuminate\Http\Request))
#29 /Applications/MAMP/htdocs/ocms-plugin/vendor/laravel/framework/src/Illuminate/Pipeline/Pipeline.php(103): call_user_func(Object(Closure), Object(Illuminate\Http\Request))
#30 /Applications/MAMP/htdocs/ocms-plugin/vendor/laravel/framework/src/Illuminate/Routing/Router.php(710): Illuminate\Pipeline\Pipeline->then(Object(Closure))
#31 /Applications/MAMP/htdocs/ocms-plugin/vendor/laravel/framework/src/Illuminate/Routing/Router.php(675): Illuminate\Routing\Router->runRouteWithinStack(Object(Illuminate\Routing\Route), Object(Illuminate\Http\Request))
#32 /Applications/MAMP/htdocs/ocms-plugin/vendor/laravel/framework/src/Illuminate/Routing/Router.php(635): Illuminate\Routing\Router->dispatchToRoute(Object(Illuminate\Http\Request))
#33 /Applications/MAMP/htdocs/ocms-plugin/vendor/laravel/framework/src/Illuminate/Foundation/Http/Kernel.php(236): Illuminate\Routing\Router->dispatch(Object(Illuminate\Http\Request))
#34 [internal function]: Illuminate\Foundation\Http\Kernel->Illuminate\Foundation\Http\{closure}(Object(Illuminate\Http\Request))
#35 /Applications/MAMP/htdocs/ocms-plugin/vendor/laravel/framework/src/Illuminate/Pipeline/Pipeline.php(139): call_user_func(Object(Closure), Object(Illuminate\Http\Request))
#36 /Applications/MAMP/htdocs/ocms-plugin/vendor/laravel/framework/src/Illuminate/View/Middleware/ShareErrorsFromSession.php(49): Illuminate\Pipeline\Pipeline->Illuminate\Pipeline\{closure}(Object(Illuminate\Http\Request))
#37 [internal function]: Illuminate\View\Middleware\ShareErrorsFromSession->handle(Object(Illuminate\Http\Request), Object(Closure))
#38 /Applications/MAMP/htdocs/ocms-plugin/vendor/laravel/framework/src/Illuminate/Pipeline/Pipeline.php(124): call_user_func_array(Array, Array)
#39 /Applications/MAMP/htdocs/ocms-plugin/vendor/laravel/framework/src/Illuminate/Session/Middleware/StartSession.php(62): Illuminate\Pipeline\Pipeline->Illuminate\Pipeline\{closure}(Object(Illuminate\Http\Request))
#40 [internal function]: Illuminate\Session\Middleware\StartSession->handle(Object(Illuminate\Http\Request), Object(Closure))
#41 /Applications/MAMP/htdocs/ocms-plugin/vendor/laravel/framework/src/Illuminate/Pipeline/Pipeline.php(124): call_user_func_array(Array, Array)
#42 /Applications/MAMP/htdocs/ocms-plugin/vendor/laravel/framework/src/Illuminate/Cookie/Middleware/AddQueuedCookiesToResponse.php(37): Illuminate\Pipeline\Pipeline->Illuminate\Pipeline\{closure}(Object(Illuminate\Http\Request))
#43 [internal function]: Illuminate\Cookie\Middleware\AddQueuedCookiesToResponse->handle(Object(Illuminate\Http\Request), Object(Closure))
#44 /Applications/MAMP/htdocs/ocms-plugin/vendor/laravel/framework/src/Illuminate/Pipeline/Pipeline.php(124): call_user_func_array(Array, Array)
#45 /Applications/MAMP/htdocs/ocms-plugin/vendor/laravel/framework/src/Illuminate/Cookie/Middleware/EncryptCookies.php(59): Illuminate\Pipeline\Pipeline->Illuminate\Pipeline\{closure}(Object(Illuminate\Http\Request))
#46 [internal function]: Illuminate\Cookie\Middleware\EncryptCookies->handle(Object(Illuminate\Http\Request), Object(Closure))
#47 /Applications/MAMP/htdocs/ocms-plugin/vendor/laravel/framework/src/Illuminate/Pipeline/Pipeline.php(124): call_user_func_array(Array, Array)
#48 /Applications/MAMP/htdocs/ocms-plugin/vendor/laravel/framework/src/Illuminate/Foundation/Http/Middleware/CheckForMaintenanceMode.php(44): Illuminate\Pipeline\Pipeline->Illuminate\Pipeline\{closure}(Object(Illuminate\Http\Request))
#49 [internal function]: Illuminate\Foundation\Http\Middleware\CheckForMaintenanceMode->handle(Object(Illuminate\Http\Request), Object(Closure))
#50 /Applications/MAMP/htdocs/ocms-plugin/vendor/laravel/framework/src/Illuminate/Pipeline/Pipeline.php(124): call_user_func_array(Array, Array)
#51 [internal function]: Illuminate\Pipeline\Pipeline->Illuminate\Pipeline\{closure}(Object(Illuminate\Http\Request))
#52 /Applications/MAMP/htdocs/ocms-plugin/vendor/laravel/framework/src/Illuminate/Pipeline/Pipeline.php(103): call_user_func(Object(Closure), Object(Illuminate\Http\Request))
#53 /Applications/MAMP/htdocs/ocms-plugin/vendor/laravel/framework/src/Illuminate/Foundation/Http/Kernel.php(122): Illuminate\Pipeline\Pipeline->then(Object(Closure))
#54 /Applications/MAMP/htdocs/ocms-plugin/vendor/laravel/framework/src/Illuminate/Foundation/Http/Kernel.php(87): Illuminate\Foundation\Http\Kernel->sendRequestThroughRouter(Object(Illuminate\Http\Request))
#55 /Applications/MAMP/htdocs/ocms-plugin/index.php(44): Illuminate\Foundation\Http\Kernel->handle(Object(Illuminate\Http\Request))
#56 {main}  
[2017-02-27 21:42:09] production.ERROR: exception 'Twig_Error_Syntax' with message 'A block must start with a tag name in "/Applications/MAMP/htdocs/ocms-plugin/themes/ocms-plugin/partials/globals/header.htm" at line 24.' in /Applications/MAMP/htdocs/ocms-plugin/vendor/twig/twig/lib/Twig/Parser.php:157
Stack trace:
#0 /Applications/MAMP/htdocs/ocms-plugin/vendor/twig/twig/lib/Twig/Parser.php(103): Twig_Parser->subparse(NULL, false)
#1 /Applications/MAMP/htdocs/ocms-plugin/vendor/twig/twig/lib/Twig/Environment.php(692): Twig_Parser->parse(Object(Twig_TokenStream))
#2 /Applications/MAMP/htdocs/ocms-plugin/vendor/twig/twig/lib/Twig/Environment.php(750): Twig_Environment->parse(Object(Twig_TokenStream))
#3 /Applications/MAMP/htdocs/ocms-plugin/vendor/twig/twig/lib/Twig/Environment.php(447): Twig_Environment->compileSource(Object(Twig_Source))
#4 /Applications/MAMP/htdocs/ocms-plugin/modules/cms/Classes/Controller.php(911): Twig_Environment->loadTemplate('/Applications/M...')
#5 /Applications/MAMP/htdocs/ocms-plugin/modules/cms/Twig/Extension.php(117): Cms\Classes\Controller->renderPartial('globals/header', Array)
#6 /Applications/MAMP/htdocs/ocms-plugin/storage/cms/twig/b7/b721535a05b44aaa997c4aa98e10fa29c8166484125131a90e5d562843631395.php(42): Cms\Twig\Extension->partialFunction('globals/header', Array)
#7 /Applications/MAMP/htdocs/ocms-plugin/vendor/twig/twig/lib/Twig/Template.php(432): __TwigTemplate_e9ea9502b86de8aa610e1ee6c3c3359871d3545ebab9ca22a85dbb63763e0e51->doDisplay(Array, Array)
#8 /Applications/MAMP/htdocs/ocms-plugin/vendor/twig/twig/lib/Twig/Template.php(403): Twig_Template->displayWithErrorHandling(Array, Array)
#9 /Applications/MAMP/htdocs/ocms-plugin/vendor/twig/twig/lib/Twig/Template.php(411): Twig_Template->display(Array)
#10 /Applications/MAMP/htdocs/ocms-plugin/modules/cms/Classes/Controller.php(376): Twig_Template->render(Array)
#11 /Applications/MAMP/htdocs/ocms-plugin/modules/cms/Classes/Controller.php(213): Cms\Classes\Controller->runPage(Object(Cms\Classes\Page))
#12 /Applications/MAMP/htdocs/ocms-plugin/modules/cms/Classes/CmsController.php(48): Cms\Classes\Controller->run('/')
#13 [internal function]: Cms\Classes\CmsController->run('/')
#14 /Applications/MAMP/htdocs/ocms-plugin/vendor/laravel/framework/src/Illuminate/Routing/Controller.php(256): call_user_func_array(Array, Array)
#15 /Applications/MAMP/htdocs/ocms-plugin/vendor/laravel/framework/src/Illuminate/Routing/ControllerDispatcher.php(164): Illuminate\Routing\Controller->callAction('run', Array)
#16 /Applications/MAMP/htdocs/ocms-plugin/vendor/laravel/framework/src/Illuminate/Routing/ControllerDispatcher.php(112): Illuminate\Routing\ControllerDispatcher->call(Object(Cms\Classes\CmsController), Object(Illuminate\Routing\Route), 'run')
#17 [internal function]: Illuminate\Routing\ControllerDispatcher->Illuminate\Routing\{closure}(Object(Illuminate\Http\Request))
#18 /Applications/MAMP/htdocs/ocms-plugin/vendor/laravel/framework/src/Illuminate/Pipeline/Pipeline.php(139): call_user_func(Object(Closure), Object(Illuminate\Http\Request))
#19 [internal function]: Illuminate\Pipeline\Pipeline->Illuminate\Pipeline\{closure}(Object(Illuminate\Http\Request))
#20 /Applications/MAMP/htdocs/ocms-plugin/vendor/laravel/framework/src/Illuminate/Pipeline/Pipeline.php(103): call_user_func(Object(Closure), Object(Illuminate\Http\Request))
#21 /Applications/MAMP/htdocs/ocms-plugin/vendor/laravel/framework/src/Illuminate/Routing/ControllerDispatcher.php(114): Illuminate\Pipeline\Pipeline->then(Object(Closure))
#22 /Applications/MAMP/htdocs/ocms-plugin/vendor/laravel/framework/src/Illuminate/Routing/ControllerDispatcher.php(69): Illuminate\Routing\ControllerDispatcher->callWithinStack(Object(Cms\Classes\CmsController), Object(Illuminate\Routing\Route), Object(Illuminate\Http\Request), 'run')
#23 /Applications/MAMP/htdocs/ocms-plugin/vendor/laravel/framework/src/Illuminate/Routing/Route.php(203): Illuminate\Routing\ControllerDispatcher->dispatch(Object(Illuminate\Routing\Route), Object(Illuminate\Http\Request), 'Cms\\Classes\\Cms...', 'run')
#24 /Applications/MAMP/htdocs/ocms-plugin/vendor/laravel/framework/src/Illuminate/Routing/Route.php(134): Illuminate\Routing\Route->runWithCustomDispatcher(Object(Illuminate\Http\Request))
#25 /Applications/MAMP/htdocs/ocms-plugin/vendor/laravel/framework/src/Illuminate/Routing/Router.php(708): Illuminate\Routing\Route->run(Object(Illuminate\Http\Request))
#26 [internal function]: Illuminate\Routing\Router->Illuminate\Routing\{closure}(Object(Illuminate\Http\Request))
#27 /Applications/MAMP/htdocs/ocms-plugin/vendor/laravel/framework/src/Illuminate/Pipeline/Pipeline.php(139): call_user_func(Object(Closure), Object(Illuminate\Http\Request))
#28 [internal function]: Illuminate\Pipeline\Pipeline->Illuminate\Pipeline\{closure}(Object(Illuminate\Http\Request))
#29 /Applications/MAMP/htdocs/ocms-plugin/vendor/laravel/framework/src/Illuminate/Pipeline/Pipeline.php(103): call_user_func(Object(Closure), Object(Illuminate\Http\Request))
#30 /Applications/MAMP/htdocs/ocms-plugin/vendor/laravel/framework/src/Illuminate/Routing/Router.php(710): Illuminate\Pipeline\Pipeline->then(Object(Closure))
#31 /Applications/MAMP/htdocs/ocms-plugin/vendor/laravel/framework/src/Illuminate/Routing/Router.php(675): Illuminate\Routing\Router->runRouteWithinStack(Object(Illuminate\Routing\Route), Object(Illuminate\Http\Request))
#32 /Applications/MAMP/htdocs/ocms-plugin/vendor/laravel/framework/src/Illuminate/Routing/Router.php(635): Illuminate\Routing\Router->dispatchToRoute(Object(Illuminate\Http\Request))
#33 /Applications/MAMP/htdocs/ocms-plugin/vendor/laravel/framework/src/Illuminate/Foundation/Http/Kernel.php(236): Illuminate\Routing\Router->dispatch(Object(Illuminate\Http\Request))
#34 [internal function]: Illuminate\Foundation\Http\Kernel->Illuminate\Foundation\Http\{closure}(Object(Illuminate\Http\Request))
#35 /Applications/MAMP/htdocs/ocms-plugin/vendor/laravel/framework/src/Illuminate/Pipeline/Pipeline.php(139): call_user_func(Object(Closure), Object(Illuminate\Http\Request))
#36 /Applications/MAMP/htdocs/ocms-plugin/vendor/laravel/framework/src/Illuminate/View/Middleware/ShareErrorsFromSession.php(49): Illuminate\Pipeline\Pipeline->Illuminate\Pipeline\{closure}(Object(Illuminate\Http\Request))
#37 [internal function]: Illuminate\View\Middleware\ShareErrorsFromSession->handle(Object(Illuminate\Http\Request), Object(Closure))
#38 /Applications/MAMP/htdocs/ocms-plugin/vendor/laravel/framework/src/Illuminate/Pipeline/Pipeline.php(124): call_user_func_array(Array, Array)
#39 /Applications/MAMP/htdocs/ocms-plugin/vendor/laravel/framework/src/Illuminate/Session/Middleware/StartSession.php(62): Illuminate\Pipeline\Pipeline->Illuminate\Pipeline\{closure}(Object(Illuminate\Http\Request))
#40 [internal function]: Illuminate\Session\Middleware\StartSession->handle(Object(Illuminate\Http\Request), Object(Closure))
#41 /Applications/MAMP/htdocs/ocms-plugin/vendor/laravel/framework/src/Illuminate/Pipeline/Pipeline.php(124): call_user_func_array(Array, Array)
#42 /Applications/MAMP/htdocs/ocms-plugin/vendor/laravel/framework/src/Illuminate/Cookie/Middleware/AddQueuedCookiesToResponse.php(37): Illuminate\Pipeline\Pipeline->Illuminate\Pipeline\{closure}(Object(Illuminate\Http\Request))
#43 [internal function]: Illuminate\Cookie\Middleware\AddQueuedCookiesToResponse->handle(Object(Illuminate\Http\Request), Object(Closure))
#44 /Applications/MAMP/htdocs/ocms-plugin/vendor/laravel/framework/src/Illuminate/Pipeline/Pipeline.php(124): call_user_func_array(Array, Array)
#45 /Applications/MAMP/htdocs/ocms-plugin/vendor/laravel/framework/src/Illuminate/Cookie/Middleware/EncryptCookies.php(59): Illuminate\Pipeline\Pipeline->Illuminate\Pipeline\{closure}(Object(Illuminate\Http\Request))
#46 [internal function]: Illuminate\Cookie\Middleware\EncryptCookies->handle(Object(Illuminate\Http\Request), Object(Closure))
#47 /Applications/MAMP/htdocs/ocms-plugin/vendor/laravel/framework/src/Illuminate/Pipeline/Pipeline.php(124): call_user_func_array(Array, Array)
#48 /Applications/MAMP/htdocs/ocms-plugin/vendor/laravel/framework/src/Illuminate/Foundation/Http/Middleware/CheckForMaintenanceMode.php(44): Illuminate\Pipeline\Pipeline->Illuminate\Pipeline\{closure}(Object(Illuminate\Http\Request))
#49 [internal function]: Illuminate\Foundation\Http\Middleware\CheckForMaintenanceMode->handle(Object(Illuminate\Http\Request), Object(Closure))
#50 /Applications/MAMP/htdocs/ocms-plugin/vendor/laravel/framework/src/Illuminate/Pipeline/Pipeline.php(124): call_user_func_array(Array, Array)
#51 [internal function]: Illuminate\Pipeline\Pipeline->Illuminate\Pipeline\{closure}(Object(Illuminate\Http\Request))
#52 /Applications/MAMP/htdocs/ocms-plugin/vendor/laravel/framework/src/Illuminate/Pipeline/Pipeline.php(103): call_user_func(Object(Closure), Object(Illuminate\Http\Request))
#53 /Applications/MAMP/htdocs/ocms-plugin/vendor/laravel/framework/src/Illuminate/Foundation/Http/Kernel.php(122): Illuminate\Pipeline\Pipeline->then(Object(Closure))
#54 /Applications/MAMP/htdocs/ocms-plugin/vendor/laravel/framework/src/Illuminate/Foundation/Http/Kernel.php(87): Illuminate\Foundation\Http\Kernel->sendRequestThroughRouter(Object(Illuminate\Http\Request))
#55 /Applications/MAMP/htdocs/ocms-plugin/index.php(44): Illuminate\Foundation\Http\Kernel->handle(Object(Illuminate\Http\Request))
#56 {main}  
[2017-02-27 21:45:20] production.ERROR: exception 'Twig_Error_Syntax' with message 'Unexpected token "operator" of value "%" in "/Applications/MAMP/htdocs/ocms-plugin/themes/ocms-plugin/partials/globals/header.htm" at line 24.' in /Applications/MAMP/htdocs/ocms-plugin/vendor/twig/twig/lib/Twig/ExpressionParser.php:208
Stack trace:
#0 /Applications/MAMP/htdocs/ocms-plugin/vendor/twig/twig/lib/Twig/ExpressionParser.php(102): Twig_ExpressionParser->parsePrimaryExpression()
#1 /Applications/MAMP/htdocs/ocms-plugin/vendor/twig/twig/lib/Twig/ExpressionParser.php(55): Twig_ExpressionParser->getPrimary()
#2 /Applications/MAMP/htdocs/ocms-plugin/vendor/twig/twig/lib/Twig/Parser.php(147): Twig_ExpressionParser->parseExpression()
#3 /Applications/MAMP/htdocs/ocms-plugin/vendor/twig/twig/lib/Twig/Parser.php(103): Twig_Parser->subparse(NULL, false)
#4 /Applications/MAMP/htdocs/ocms-plugin/vendor/twig/twig/lib/Twig/Environment.php(692): Twig_Parser->parse(Object(Twig_TokenStream))
#5 /Applications/MAMP/htdocs/ocms-plugin/vendor/twig/twig/lib/Twig/Environment.php(750): Twig_Environment->parse(Object(Twig_TokenStream))
#6 /Applications/MAMP/htdocs/ocms-plugin/vendor/twig/twig/lib/Twig/Environment.php(447): Twig_Environment->compileSource(Object(Twig_Source))
#7 /Applications/MAMP/htdocs/ocms-plugin/modules/cms/Classes/Controller.php(911): Twig_Environment->loadTemplate('/Applications/M...')
#8 /Applications/MAMP/htdocs/ocms-plugin/modules/cms/Twig/Extension.php(117): Cms\Classes\Controller->renderPartial('globals/header', Array)
#9 /Applications/MAMP/htdocs/ocms-plugin/storage/cms/twig/b7/b721535a05b44aaa997c4aa98e10fa29c8166484125131a90e5d562843631395.php(42): Cms\Twig\Extension->partialFunction('globals/header', Array)
#10 /Applications/MAMP/htdocs/ocms-plugin/vendor/twig/twig/lib/Twig/Template.php(432): __TwigTemplate_e9ea9502b86de8aa610e1ee6c3c3359871d3545ebab9ca22a85dbb63763e0e51->doDisplay(Array, Array)
#11 /Applications/MAMP/htdocs/ocms-plugin/vendor/twig/twig/lib/Twig/Template.php(403): Twig_Template->displayWithErrorHandling(Array, Array)
#12 /Applications/MAMP/htdocs/ocms-plugin/vendor/twig/twig/lib/Twig/Template.php(411): Twig_Template->display(Array)
#13 /Applications/MAMP/htdocs/ocms-plugin/modules/cms/Classes/Controller.php(376): Twig_Template->render(Array)
#14 /Applications/MAMP/htdocs/ocms-plugin/modules/cms/Classes/Controller.php(213): Cms\Classes\Controller->runPage(Object(Cms\Classes\Page))
#15 /Applications/MAMP/htdocs/ocms-plugin/modules/cms/Classes/CmsController.php(48): Cms\Classes\Controller->run('/')
#16 [internal function]: Cms\Classes\CmsController->run('/')
#17 /Applications/MAMP/htdocs/ocms-plugin/vendor/laravel/framework/src/Illuminate/Routing/Controller.php(256): call_user_func_array(Array, Array)
#18 /Applications/MAMP/htdocs/ocms-plugin/vendor/laravel/framework/src/Illuminate/Routing/ControllerDispatcher.php(164): Illuminate\Routing\Controller->callAction('run', Array)
#19 /Applications/MAMP/htdocs/ocms-plugin/vendor/laravel/framework/src/Illuminate/Routing/ControllerDispatcher.php(112): Illuminate\Routing\ControllerDispatcher->call(Object(Cms\Classes\CmsController), Object(Illuminate\Routing\Route), 'run')
#20 [internal function]: Illuminate\Routing\ControllerDispatcher->Illuminate\Routing\{closure}(Object(Illuminate\Http\Request))
#21 /Applications/MAMP/htdocs/ocms-plugin/vendor/laravel/framework/src/Illuminate/Pipeline/Pipeline.php(139): call_user_func(Object(Closure), Object(Illuminate\Http\Request))
#22 [internal function]: Illuminate\Pipeline\Pipeline->Illuminate\Pipeline\{closure}(Object(Illuminate\Http\Request))
#23 /Applications/MAMP/htdocs/ocms-plugin/vendor/laravel/framework/src/Illuminate/Pipeline/Pipeline.php(103): call_user_func(Object(Closure), Object(Illuminate\Http\Request))
#24 /Applications/MAMP/htdocs/ocms-plugin/vendor/laravel/framework/src/Illuminate/Routing/ControllerDispatcher.php(114): Illuminate\Pipeline\Pipeline->then(Object(Closure))
#25 /Applications/MAMP/htdocs/ocms-plugin/vendor/laravel/framework/src/Illuminate/Routing/ControllerDispatcher.php(69): Illuminate\Routing\ControllerDispatcher->callWithinStack(Object(Cms\Classes\CmsController), Object(Illuminate\Routing\Route), Object(Illuminate\Http\Request), 'run')
#26 /Applications/MAMP/htdocs/ocms-plugin/vendor/laravel/framework/src/Illuminate/Routing/Route.php(203): Illuminate\Routing\ControllerDispatcher->dispatch(Object(Illuminate\Routing\Route), Object(Illuminate\Http\Request), 'Cms\\Classes\\Cms...', 'run')
#27 /Applications/MAMP/htdocs/ocms-plugin/vendor/laravel/framework/src/Illuminate/Routing/Route.php(134): Illuminate\Routing\Route->runWithCustomDispatcher(Object(Illuminate\Http\Request))
#28 /Applications/MAMP/htdocs/ocms-plugin/vendor/laravel/framework/src/Illuminate/Routing/Router.php(708): Illuminate\Routing\Route->run(Object(Illuminate\Http\Request))
#29 [internal function]: Illuminate\Routing\Router->Illuminate\Routing\{closure}(Object(Illuminate\Http\Request))
#30 /Applications/MAMP/htdocs/ocms-plugin/vendor/laravel/framework/src/Illuminate/Pipeline/Pipeline.php(139): call_user_func(Object(Closure), Object(Illuminate\Http\Request))
#31 [internal function]: Illuminate\Pipeline\Pipeline->Illuminate\Pipeline\{closure}(Object(Illuminate\Http\Request))
#32 /Applications/MAMP/htdocs/ocms-plugin/vendor/laravel/framework/src/Illuminate/Pipeline/Pipeline.php(103): call_user_func(Object(Closure), Object(Illuminate\Http\Request))
#33 /Applications/MAMP/htdocs/ocms-plugin/vendor/laravel/framework/src/Illuminate/Routing/Router.php(710): Illuminate\Pipeline\Pipeline->then(Object(Closure))
#34 /Applications/MAMP/htdocs/ocms-plugin/vendor/laravel/framework/src/Illuminate/Routing/Router.php(675): Illuminate\Routing\Router->runRouteWithinStack(Object(Illuminate\Routing\Route), Object(Illuminate\Http\Request))
#35 /Applications/MAMP/htdocs/ocms-plugin/vendor/laravel/framework/src/Illuminate/Routing/Router.php(635): Illuminate\Routing\Router->dispatchToRoute(Object(Illuminate\Http\Request))
#36 /Applications/MAMP/htdocs/ocms-plugin/vendor/laravel/framework/src/Illuminate/Foundation/Http/Kernel.php(236): Illuminate\Routing\Router->dispatch(Object(Illuminate\Http\Request))
#37 [internal function]: Illuminate\Foundation\Http\Kernel->Illuminate\Foundation\Http\{closure}(Object(Illuminate\Http\Request))
#38 /Applications/MAMP/htdocs/ocms-plugin/vendor/laravel/framework/src/Illuminate/Pipeline/Pipeline.php(139): call_user_func(Object(Closure), Object(Illuminate\Http\Request))
#39 /Applications/MAMP/htdocs/ocms-plugin/vendor/laravel/framework/src/Illuminate/View/Middleware/ShareErrorsFromSession.php(49): Illuminate\Pipeline\Pipeline->Illuminate\Pipeline\{closure}(Object(Illuminate\Http\Request))
#40 [internal function]: Illuminate\View\Middleware\ShareErrorsFromSession->handle(Object(Illuminate\Http\Request), Object(Closure))
#41 /Applications/MAMP/htdocs/ocms-plugin/vendor/laravel/framework/src/Illuminate/Pipeline/Pipeline.php(124): call_user_func_array(Array, Array)
#42 /Applications/MAMP/htdocs/ocms-plugin/vendor/laravel/framework/src/Illuminate/Session/Middleware/StartSession.php(62): Illuminate\Pipeline\Pipeline->Illuminate\Pipeline\{closure}(Object(Illuminate\Http\Request))
#43 [internal function]: Illuminate\Session\Middleware\StartSession->handle(Object(Illuminate\Http\Request), Object(Closure))
#44 /Applications/MAMP/htdocs/ocms-plugin/vendor/laravel/framework/src/Illuminate/Pipeline/Pipeline.php(124): call_user_func_array(Array, Array)
#45 /Applications/MAMP/htdocs/ocms-plugin/vendor/laravel/framework/src/Illuminate/Cookie/Middleware/AddQueuedCookiesToResponse.php(37): Illuminate\Pipeline\Pipeline->Illuminate\Pipeline\{closure}(Object(Illuminate\Http\Request))
#46 [internal function]: Illuminate\Cookie\Middleware\AddQueuedCookiesToResponse->handle(Object(Illuminate\Http\Request), Object(Closure))
#47 /Applications/MAMP/htdocs/ocms-plugin/vendor/laravel/framework/src/Illuminate/Pipeline/Pipeline.php(124): call_user_func_array(Array, Array)
#48 /Applications/MAMP/htdocs/ocms-plugin/vendor/laravel/framework/src/Illuminate/Cookie/Middleware/EncryptCookies.php(59): Illuminate\Pipeline\Pipeline->Illuminate\Pipeline\{closure}(Object(Illuminate\Http\Request))
#49 [internal function]: Illuminate\Cookie\Middleware\EncryptCookies->handle(Object(Illuminate\Http\Request), Object(Closure))
#50 /Applications/MAMP/htdocs/ocms-plugin/vendor/laravel/framework/src/Illuminate/Pipeline/Pipeline.php(124): call_user_func_array(Array, Array)
#51 /Applications/MAMP/htdocs/ocms-plugin/vendor/laravel/framework/src/Illuminate/Foundation/Http/Middleware/CheckForMaintenanceMode.php(44): Illuminate\Pipeline\Pipeline->Illuminate\Pipeline\{closure}(Object(Illuminate\Http\Request))
#52 [internal function]: Illuminate\Foundation\Http\Middleware\CheckForMaintenanceMode->handle(Object(Illuminate\Http\Request), Object(Closure))
#53 /Applications/MAMP/htdocs/ocms-plugin/vendor/laravel/framework/src/Illuminate/Pipeline/Pipeline.php(124): call_user_func_array(Array, Array)
#54 [internal function]: Illuminate\Pipeline\Pipeline->Illuminate\Pipeline\{closure}(Object(Illuminate\Http\Request))
#55 /Applications/MAMP/htdocs/ocms-plugin/vendor/laravel/framework/src/Illuminate/Pipeline/Pipeline.php(103): call_user_func(Object(Closure), Object(Illuminate\Http\Request))
#56 /Applications/MAMP/htdocs/ocms-plugin/vendor/laravel/framework/src/Illuminate/Foundation/Http/Kernel.php(122): Illuminate\Pipeline\Pipeline->then(Object(Closure))
#57 /Applications/MAMP/htdocs/ocms-plugin/vendor/laravel/framework/src/Illuminate/Foundation/Http/Kernel.php(87): Illuminate\Foundation\Http\Kernel->sendRequestThroughRouter(Object(Illuminate\Http\Request))
#58 /Applications/MAMP/htdocs/ocms-plugin/index.php(44): Illuminate\Foundation\Http\Kernel->handle(Object(Illuminate\Http\Request))
#59 {main}  
[2017-02-27 21:46:31] production.ERROR: exception 'Twig_Error_Syntax' with message 'A block must start with a tag name in "/Applications/MAMP/htdocs/ocms-plugin/themes/ocms-plugin/partials/globals/header.htm" at line 24.' in /Applications/MAMP/htdocs/ocms-plugin/vendor/twig/twig/lib/Twig/Parser.php:157
Stack trace:
#0 /Applications/MAMP/htdocs/ocms-plugin/vendor/twig/twig/lib/Twig/Parser.php(103): Twig_Parser->subparse(NULL, false)
#1 /Applications/MAMP/htdocs/ocms-plugin/vendor/twig/twig/lib/Twig/Environment.php(692): Twig_Parser->parse(Object(Twig_TokenStream))
#2 /Applications/MAMP/htdocs/ocms-plugin/vendor/twig/twig/lib/Twig/Environment.php(750): Twig_Environment->parse(Object(Twig_TokenStream))
#3 /Applications/MAMP/htdocs/ocms-plugin/vendor/twig/twig/lib/Twig/Environment.php(447): Twig_Environment->compileSource(Object(Twig_Source))
#4 /Applications/MAMP/htdocs/ocms-plugin/modules/cms/Classes/Controller.php(911): Twig_Environment->loadTemplate('/Applications/M...')
#5 /Applications/MAMP/htdocs/ocms-plugin/modules/cms/Twig/Extension.php(117): Cms\Classes\Controller->renderPartial('globals/header', Array)
#6 /Applications/MAMP/htdocs/ocms-plugin/storage/cms/twig/b7/b721535a05b44aaa997c4aa98e10fa29c8166484125131a90e5d562843631395.php(42): Cms\Twig\Extension->partialFunction('globals/header', Array)
#7 /Applications/MAMP/htdocs/ocms-plugin/vendor/twig/twig/lib/Twig/Template.php(432): __TwigTemplate_e9ea9502b86de8aa610e1ee6c3c3359871d3545ebab9ca22a85dbb63763e0e51->doDisplay(Array, Array)
#8 /Applications/MAMP/htdocs/ocms-plugin/vendor/twig/twig/lib/Twig/Template.php(403): Twig_Template->displayWithErrorHandling(Array, Array)
#9 /Applications/MAMP/htdocs/ocms-plugin/vendor/twig/twig/lib/Twig/Template.php(411): Twig_Template->display(Array)
#10 /Applications/MAMP/htdocs/ocms-plugin/modules/cms/Classes/Controller.php(376): Twig_Template->render(Array)
#11 /Applications/MAMP/htdocs/ocms-plugin/modules/cms/Classes/Controller.php(213): Cms\Classes\Controller->runPage(Object(Cms\Classes\Page))
#12 /Applications/MAMP/htdocs/ocms-plugin/modules/cms/Classes/CmsController.php(48): Cms\Classes\Controller->run('/')
#13 [internal function]: Cms\Classes\CmsController->run('/')
#14 /Applications/MAMP/htdocs/ocms-plugin/vendor/laravel/framework/src/Illuminate/Routing/Controller.php(256): call_user_func_array(Array, Array)
#15 /Applications/MAMP/htdocs/ocms-plugin/vendor/laravel/framework/src/Illuminate/Routing/ControllerDispatcher.php(164): Illuminate\Routing\Controller->callAction('run', Array)
#16 /Applications/MAMP/htdocs/ocms-plugin/vendor/laravel/framework/src/Illuminate/Routing/ControllerDispatcher.php(112): Illuminate\Routing\ControllerDispatcher->call(Object(Cms\Classes\CmsController), Object(Illuminate\Routing\Route), 'run')
#17 [internal function]: Illuminate\Routing\ControllerDispatcher->Illuminate\Routing\{closure}(Object(Illuminate\Http\Request))
#18 /Applications/MAMP/htdocs/ocms-plugin/vendor/laravel/framework/src/Illuminate/Pipeline/Pipeline.php(139): call_user_func(Object(Closure), Object(Illuminate\Http\Request))
#19 [internal function]: Illuminate\Pipeline\Pipeline->Illuminate\Pipeline\{closure}(Object(Illuminate\Http\Request))
#20 /Applications/MAMP/htdocs/ocms-plugin/vendor/laravel/framework/src/Illuminate/Pipeline/Pipeline.php(103): call_user_func(Object(Closure), Object(Illuminate\Http\Request))
#21 /Applications/MAMP/htdocs/ocms-plugin/vendor/laravel/framework/src/Illuminate/Routing/ControllerDispatcher.php(114): Illuminate\Pipeline\Pipeline->then(Object(Closure))
#22 /Applications/MAMP/htdocs/ocms-plugin/vendor/laravel/framework/src/Illuminate/Routing/ControllerDispatcher.php(69): Illuminate\Routing\ControllerDispatcher->callWithinStack(Object(Cms\Classes\CmsController), Object(Illuminate\Routing\Route), Object(Illuminate\Http\Request), 'run')
#23 /Applications/MAMP/htdocs/ocms-plugin/vendor/laravel/framework/src/Illuminate/Routing/Route.php(203): Illuminate\Routing\ControllerDispatcher->dispatch(Object(Illuminate\Routing\Route), Object(Illuminate\Http\Request), 'Cms\\Classes\\Cms...', 'run')
#24 /Applications/MAMP/htdocs/ocms-plugin/vendor/laravel/framework/src/Illuminate/Routing/Route.php(134): Illuminate\Routing\Route->runWithCustomDispatcher(Object(Illuminate\Http\Request))
#25 /Applications/MAMP/htdocs/ocms-plugin/vendor/laravel/framework/src/Illuminate/Routing/Router.php(708): Illuminate\Routing\Route->run(Object(Illuminate\Http\Request))
#26 [internal function]: Illuminate\Routing\Router->Illuminate\Routing\{closure}(Object(Illuminate\Http\Request))
#27 /Applications/MAMP/htdocs/ocms-plugin/vendor/laravel/framework/src/Illuminate/Pipeline/Pipeline.php(139): call_user_func(Object(Closure), Object(Illuminate\Http\Request))
#28 [internal function]: Illuminate\Pipeline\Pipeline->Illuminate\Pipeline\{closure}(Object(Illuminate\Http\Request))
#29 /Applications/MAMP/htdocs/ocms-plugin/vendor/laravel/framework/src/Illuminate/Pipeline/Pipeline.php(103): call_user_func(Object(Closure), Object(Illuminate\Http\Request))
#30 /Applications/MAMP/htdocs/ocms-plugin/vendor/laravel/framework/src/Illuminate/Routing/Router.php(710): Illuminate\Pipeline\Pipeline->then(Object(Closure))
#31 /Applications/MAMP/htdocs/ocms-plugin/vendor/laravel/framework/src/Illuminate/Routing/Router.php(675): Illuminate\Routing\Router->runRouteWithinStack(Object(Illuminate\Routing\Route), Object(Illuminate\Http\Request))
#32 /Applications/MAMP/htdocs/ocms-plugin/vendor/laravel/framework/src/Illuminate/Routing/Router.php(635): Illuminate\Routing\Router->dispatchToRoute(Object(Illuminate\Http\Request))
#33 /Applications/MAMP/htdocs/ocms-plugin/vendor/laravel/framework/src/Illuminate/Foundation/Http/Kernel.php(236): Illuminate\Routing\Router->dispatch(Object(Illuminate\Http\Request))
#34 [internal function]: Illuminate\Foundation\Http\Kernel->Illuminate\Foundation\Http\{closure}(Object(Illuminate\Http\Request))
#35 /Applications/MAMP/htdocs/ocms-plugin/vendor/laravel/framework/src/Illuminate/Pipeline/Pipeline.php(139): call_user_func(Object(Closure), Object(Illuminate\Http\Request))
#36 /Applications/MAMP/htdocs/ocms-plugin/vendor/laravel/framework/src/Illuminate/View/Middleware/ShareErrorsFromSession.php(49): Illuminate\Pipeline\Pipeline->Illuminate\Pipeline\{closure}(Object(Illuminate\Http\Request))
#37 [internal function]: Illuminate\View\Middleware\ShareErrorsFromSession->handle(Object(Illuminate\Http\Request), Object(Closure))
#38 /Applications/MAMP/htdocs/ocms-plugin/vendor/laravel/framework/src/Illuminate/Pipeline/Pipeline.php(124): call_user_func_array(Array, Array)
#39 /Applications/MAMP/htdocs/ocms-plugin/vendor/laravel/framework/src/Illuminate/Session/Middleware/StartSession.php(62): Illuminate\Pipeline\Pipeline->Illuminate\Pipeline\{closure}(Object(Illuminate\Http\Request))
#40 [internal function]: Illuminate\Session\Middleware\StartSession->handle(Object(Illuminate\Http\Request), Object(Closure))
#41 /Applications/MAMP/htdocs/ocms-plugin/vendor/laravel/framework/src/Illuminate/Pipeline/Pipeline.php(124): call_user_func_array(Array, Array)
#42 /Applications/MAMP/htdocs/ocms-plugin/vendor/laravel/framework/src/Illuminate/Cookie/Middleware/AddQueuedCookiesToResponse.php(37): Illuminate\Pipeline\Pipeline->Illuminate\Pipeline\{closure}(Object(Illuminate\Http\Request))
#43 [internal function]: Illuminate\Cookie\Middleware\AddQueuedCookiesToResponse->handle(Object(Illuminate\Http\Request), Object(Closure))
#44 /Applications/MAMP/htdocs/ocms-plugin/vendor/laravel/framework/src/Illuminate/Pipeline/Pipeline.php(124): call_user_func_array(Array, Array)
#45 /Applications/MAMP/htdocs/ocms-plugin/vendor/laravel/framework/src/Illuminate/Cookie/Middleware/EncryptCookies.php(59): Illuminate\Pipeline\Pipeline->Illuminate\Pipeline\{closure}(Object(Illuminate\Http\Request))
#46 [internal function]: Illuminate\Cookie\Middleware\EncryptCookies->handle(Object(Illuminate\Http\Request), Object(Closure))
#47 /Applications/MAMP/htdocs/ocms-plugin/vendor/laravel/framework/src/Illuminate/Pipeline/Pipeline.php(124): call_user_func_array(Array, Array)
#48 /Applications/MAMP/htdocs/ocms-plugin/vendor/laravel/framework/src/Illuminate/Foundation/Http/Middleware/CheckForMaintenanceMode.php(44): Illuminate\Pipeline\Pipeline->Illuminate\Pipeline\{closure}(Object(Illuminate\Http\Request))
#49 [internal function]: Illuminate\Foundation\Http\Middleware\CheckForMaintenanceMode->handle(Object(Illuminate\Http\Request), Object(Closure))
#50 /Applications/MAMP/htdocs/ocms-plugin/vendor/laravel/framework/src/Illuminate/Pipeline/Pipeline.php(124): call_user_func_array(Array, Array)
#51 [internal function]: Illuminate\Pipeline\Pipeline->Illuminate\Pipeline\{closure}(Object(Illuminate\Http\Request))
#52 /Applications/MAMP/htdocs/ocms-plugin/vendor/laravel/framework/src/Illuminate/Pipeline/Pipeline.php(103): call_user_func(Object(Closure), Object(Illuminate\Http\Request))
#53 /Applications/MAMP/htdocs/ocms-plugin/vendor/laravel/framework/src/Illuminate/Foundation/Http/Kernel.php(122): Illuminate\Pipeline\Pipeline->then(Object(Closure))
#54 /Applications/MAMP/htdocs/ocms-plugin/vendor/laravel/framework/src/Illuminate/Foundation/Http/Kernel.php(87): Illuminate\Foundation\Http\Kernel->sendRequestThroughRouter(Object(Illuminate\Http\Request))
#55 /Applications/MAMP/htdocs/ocms-plugin/index.php(44): Illuminate\Foundation\Http\Kernel->handle(Object(Illuminate\Http\Request))
#56 {main}  
